Building DAG of jobs...
Your conda installation is not configured to use strict channel priorities. This is however crucial for having robust and correct environments (for details, see https://conda-forge.org/docs/user/tipsandtricks.html). Please consider to configure strict priorities by executing 'conda config --set channel_priority strict'.
Creating conda environment /master/jlehle/anaconda3/envs/SRAscraper/lib/python3.10/site-packages/snakemake_wrapper/envs/fastq_download_and_qc.yaml...
Downloading and installing remote packages.
Environment for /master/jlehle/anaconda3/envs/SRAscraper/lib/python3.10/site-packages/snakemake_wrapper/envs/fastq_download_and_qc.yaml created (location: ../../anaconda3/envs/SRAscraper/lib/python3.10/site-packages/snakemake_wrapper/conda/44b47cd65063883bea21ff8e20b3157a_)
Using shell: /usr/bin/bash
Provided cores: 1 (use --cores to define parallelism)
Rules claiming more threads will be scaled down.
Job stats:
job                      count
---------------------  -------
all                          1
download_and_qc_files        1
find_metadata                1
total                        3

Select jobs to execute...

[Mon Nov  4 16:58:40 2024]
rule find_metadata:
    output: /master/jlehle/github/SRAscraper/results/dictionary_file.pkl
    log: /master/jlehle/github/SRAscraper/results/logs/find_metadata.log
    jobid: 2
    reason: Code has changed since last execution
    resources: tmpdir=/tmp

python -c "from __future__ import print_function; import sys, json; print(json.dumps([sys.version_info.major, sys.version_info.minor]))"
Activating conda environment: ../../anaconda3/envs/SRAscraper/lib/python3.10/site-packages/snakemake_wrapper/conda/58cd7fe7ff1bff55b1500a92172903ad_
python /master/jlehle/github/SRAscraper/.snakemake/scripts/tmpg5kpz03m.metadata.py
Activating conda environment: ../../anaconda3/envs/SRAscraper/lib/python3.10/site-packages/snakemake_wrapper/conda/58cd7fe7ff1bff55b1500a92172903ad_
[Mon Nov  4 16:59:17 2024]
Finished job 2.
1 of 3 steps (33%) done
Select jobs to execute...

[Mon Nov  4 16:59:17 2024]
rule download_and_qc_files:
    input: /master/jlehle/github/SRAscraper/results/dictionary_file.pkl
    output: /master/jlehle/github/SRAscraper/results/QC/multiqc_report.html
    log: /master/jlehle/github/SRAscraper/results/logsfastq_download_and_qc.log
    jobid: 1
    reason: Missing output files: /master/jlehle/github/SRAscraper/results/QC/multiqc_report.html; Input files updated by another job: /master/jlehle/github/SRAscraper/results/dictionary_file.pkl
    resources: tmpdir=/tmp

python -c "from __future__ import print_function; import sys, json; print(json.dumps([sys.version_info.major, sys.version_info.minor]))"
Activating conda environment: ../../anaconda3/envs/SRAscraper/lib/python3.10/site-packages/snakemake_wrapper/conda/44b47cd65063883bea21ff8e20b3157a_
python /master/jlehle/github/SRAscraper/.snakemake/scripts/tmp6xudury0.fastq_download_and_qc.py
Activating conda environment: ../../anaconda3/envs/SRAscraper/lib/python3.10/site-packages/snakemake_wrapper/conda/44b47cd65063883bea21ff8e20b3157a_
[Mon Nov  4 16:59:19 2024]
Error in rule download_and_qc_files:
    jobid: 1
    input: /master/jlehle/github/SRAscraper/results/dictionary_file.pkl
    output: /master/jlehle/github/SRAscraper/results/QC/multiqc_report.html
    log: /master/jlehle/github/SRAscraper/results/logsfastq_download_and_qc.log (check log file(s) for error details)
    conda-env: /master/jlehle/anaconda3/envs/SRAscraper/lib/python3.10/site-packages/snakemake_wrapper/conda/44b47cd65063883bea21ff8e20b3157a_

RuleException:
CalledProcessError in file /master/jlehle/anaconda3/envs/SRAscraper/lib/python3.10/site-packages/snakemake_wrapper/Snakefile, line 49:
Command 'source /master/jlehle/anaconda3/bin/activate '/master/jlehle/anaconda3/envs/SRAscraper/lib/python3.10/site-packages/snakemake_wrapper/conda/44b47cd65063883bea21ff8e20b3157a_'; set -euo pipefail;  python /master/jlehle/github/SRAscraper/.snakemake/scripts/tmp6xudury0.fastq_download_and_qc.py' returned non-zero exit status 1.
  File "/master/jlehle/anaconda3/envs/SRAscraper/lib/python3.10/concurrent/futures/thread.py", line 58, in run
Shutting down, this might take some time.
Exiting because a job execution failed. Look above for error message
Complete log: .snakemake/log/2024-11-04T164928.389823.snakemake.log
