Building DAG of jobs...
Your conda installation is not configured to use strict channel priorities. This is however crucial for having robust and correct environments (for details, see https://conda-forge.org/docs/user/tipsandtricks.html). Please consider to configure strict priorities by executing 'conda config --set channel_priority strict'.
Creating conda environment /master/jlehle/anaconda3/envs/SRAscraper/lib/python3.10/site-packages/snakemake_wrapper/envs/metadata.yaml...
Downloading and installing remote packages.
Environment for /master/jlehle/anaconda3/envs/SRAscraper/lib/python3.10/site-packages/snakemake_wrapper/envs/metadata.yaml created (location: ../../anaconda3/envs/SRAscraper/lib/python3.10/site-packages/snakemake_wrapper/conda/58cd7fe7ff1bff55b1500a92172903ad_)
Using shell: /usr/bin/bash
Provided cores: 1 (use --cores to define parallelism)
Rules claiming more threads will be scaled down.
Job stats:
job              count
-------------  -------
find_metadata        1
total                1

Select jobs to execute...

[Mon Nov  4 16:16:42 2024]
rule find_metadata:
    output: /master/jlehle/github/SRAscraper/results/dictionary_file.pkl
    log: /master/jlehle/github/SRAscraper/results/logs/find_metadata.log
    jobid: 0
    reason: Missing output files: /master/jlehle/github/SRAscraper/results/dictionary_file.pkl
    priority: 3
    resources: tmpdir=/tmp

python -c "from __future__ import print_function; import sys, json; print(json.dumps([sys.version_info.major, sys.version_info.minor]))"
Activating conda environment: ../../anaconda3/envs/SRAscraper/lib/python3.10/site-packages/snakemake_wrapper/conda/58cd7fe7ff1bff55b1500a92172903ad_
python /master/jlehle/github/SRAscraper/.snakemake/scripts/tmppjpe3n_0.metadata.py
Activating conda environment: ../../anaconda3/envs/SRAscraper/lib/python3.10/site-packages/snakemake_wrapper/conda/58cd7fe7ff1bff55b1500a92172903ad_
[Mon Nov  4 16:17:38 2024]
Finished job 0.
1 of 1 steps (100%) done
Complete log: .snakemake/log/2024-11-04T161335.632859.snakemake.log
