Building DAG of jobs...
Your conda installation is not configured to use strict channel priorities. This is however crucial for having robust and correct environments (for details, see https://conda-forge.org/docs/user/tipsandtricks.html). Please consider to configure strict priorities by executing 'conda config --set channel_priority strict'.
Creating conda environment /master/jlehle/anaconda3/envs/SRAscraper/lib/python3.10/site-packages/snakemake_wrapper/envs/metadata.yaml...
Downloading and installing remote packages.
Environment for /master/jlehle/anaconda3/envs/SRAscraper/lib/python3.10/site-packages/snakemake_wrapper/envs/metadata.yaml created (location: ../../anaconda3/envs/SRAscraper/lib/python3.10/site-packages/snakemake_wrapper/conda/4c87fd49b3729654ce628e433114d423_)
Using shell: /usr/bin/bash
Provided cores: 1 (use --cores to define parallelism)
Rules claiming more threads will be scaled down.
Job stats:
job              count
-------------  -------
find_metadata        1
total                1

Select jobs to execute...

[Sat Nov  2 22:43:31 2024]
rule find_metadata:
    output: /master/jlehle/github/SRAscraper/results/dictionary_file.txt
    log: /master/jlehle/github/SRAscraper/results/logs/find_metadata.log
    jobid: 0
    reason: Missing output files: /master/jlehle/github/SRAscraper/results/dictionary_file.txt
    priority: 2
    resources: tmpdir=/tmp

python -c "from __future__ import print_function; import sys, json; print(json.dumps([sys.version_info.major, sys.version_info.minor]))"
Activating conda environment: ../../anaconda3/envs/SRAscraper/lib/python3.10/site-packages/snakemake_wrapper/conda/4c87fd49b3729654ce628e433114d423_
python /master/jlehle/github/SRAscraper/.snakemake/scripts/tmperf4eyto.metadata.py
Activating conda environment: ../../anaconda3/envs/SRAscraper/lib/python3.10/site-packages/snakemake_wrapper/conda/4c87fd49b3729654ce628e433114d423_
[Sat Nov  2 22:43:33 2024]
Error in rule find_metadata:
    jobid: 0
    output: /master/jlehle/github/SRAscraper/results/dictionary_file.txt
    log: /master/jlehle/github/SRAscraper/results/logs/find_metadata.log (check log file(s) for error details)
    conda-env: /master/jlehle/anaconda3/envs/SRAscraper/lib/python3.10/site-packages/snakemake_wrapper/conda/4c87fd49b3729654ce628e433114d423_

RuleException:
CalledProcessError in file /master/jlehle/anaconda3/envs/SRAscraper/lib/python3.10/site-packages/snakemake_wrapper/Snakefile, line 35:
Command 'source /master/jlehle/anaconda3/bin/activate '/master/jlehle/anaconda3/envs/SRAscraper/lib/python3.10/site-packages/snakemake_wrapper/conda/4c87fd49b3729654ce628e433114d423_'; set -euo pipefail;  python /master/jlehle/github/SRAscraper/.snakemake/scripts/tmperf4eyto.metadata.py' returned non-zero exit status 1.
  File "/master/jlehle/anaconda3/envs/SRAscraper/lib/python3.10/concurrent/futures/thread.py", line 58, in run
Shutting down, this might take some time.
Exiting because a job execution failed. Look above for error message
Complete log: .snakemake/log/2024-11-02T224142.538952.snakemake.log
